[07-01 14:03:50,529, 810] TestOtus7 Before CHROME
[07-01 14:03:58,106, 8387] TestOtus7 Capabilities {acceptInsecureCerts: false, browserName: chrome, browserVersion: 75.0.3770.100, chrome: {chromedriverVersion: 75.0.3770.8 (681f24ea911fe7..., userDataDir: C:\Users\Vovan\AppData\Loca...}, goog:chromeOptions: {debuggerAddress: localhost:57924}, javascriptEnabled: true, networkConnectionEnabled: false, pageLoadStrategy: normal, platform: XP, platformName: XP, proxy: Proxy(manual, http=VovanPC:..., setWindowRect: true, strictFileInteractability: false, timeouts: {implicit: 0, pageLoad: 300000, script: 30000}, unhandledPromptBehavior: dismiss and notify}
[07-01 14:04:27,624, 37905] TestOtus7 http://www.tender.pro/index.shtml
[07-01 14:04:27,624, 37905] TestOtus7 1128
[07-01 14:04:27,624, 37905] TestOtus7 16
[07-01 14:04:27,624, 37905] TestOtus7 http://www.tender.pro/block/css/common.css?v=2.25
[07-01 14:04:27,624, 37905] TestOtus7 75
[07-01 14:04:27,624, 37905] TestOtus7 0
[07-01 14:04:27,624, 37905] TestOtus7 http://www.tender.pro/js/external/core/minified/jquery-1.7.2.min.js
[07-01 14:04:27,624, 37905] TestOtus7 136
[07-01 14:04:27,624, 37905] TestOtus7 1
[07-01 14:04:27,624, 37905] TestOtus7 http://mc.yandex.ru/metrika/watch.js
[07-01 14:04:27,624, 37905] TestOtus7 27
[07-01 14:04:27,624, 37905] TestOtus7 0
[07-01 14:04:27,624, 37905] TestOtus7 http://www.tender.pro/block/js/jquery.dropdown.js?v=2.21
[07-01 14:04:27,625, 37906] TestOtus7 37
[07-01 14:04:27,625, 37906] TestOtus7 1
[07-01 14:04:27,625, 37906] TestOtus7 http://www.tender.pro/block/js/jquery.cookie.pack.js?v=2.21
[07-01 14:04:27,625, 37906] TestOtus7 52
[07-01 14:04:27,625, 37906] TestOtus7 0
[07-01 14:04:27,625, 37906] TestOtus7 http://www.tender.pro/block/js/common.js?v=2.21
[07-01 14:04:27,625, 37906] TestOtus7 39
[07-01 14:04:27,625, 37906] TestOtus7 0
[07-01 14:04:27,625, 37906] TestOtus7 http://www.tender.pro/block/css/new_tender_start.css?v=2.21
[07-01 14:04:27,625, 37906] TestOtus7 36
[07-01 14:04:27,625, 37906] TestOtus7 1
[07-01 14:04:27,625, 37906] TestOtus7 http://www.tender.pro/block/images/header/header_logo.png
[07-01 14:04:27,625, 37906] TestOtus7 35
[07-01 14:04:27,625, 37906] TestOtus7 0
[07-01 14:04:27,625, 37906] TestOtus7 http://www.tender.pro/block/images/header/header_icon_home.gif
[07-01 14:04:27,625, 37906] TestOtus7 34
[07-01 14:04:27,625, 37906] TestOtus7 0
[07-01 14:04:27,625, 37906] TestOtus7 http://www.tender.pro/block/js/custom/jquery.bxslider.min.js?v=2.21
[07-01 14:04:27,626, 37907] TestOtus7 37
[07-01 14:04:27,626, 37907] TestOtus7 1
[07-01 14:04:27,626, 37907] TestOtus7 http://www.tender.pro/block/js/new_tender_start.js?v=2.21
[07-01 14:04:27,626, 37907] TestOtus7 35
[07-01 14:04:27,626, 37907] TestOtus7 1
[07-01 14:04:27,626, 37907] TestOtus7 http://www.tender.pro/js/edit_tender.js?v=2.21
[07-01 14:04:27,626, 37907] TestOtus7 37
[07-01 14:04:27,626, 37907] TestOtus7 0
[07-01 14:04:27,626, 37907] TestOtus7 http://www.tender.pro/block/images/block_header_finisher.gif
[07-01 14:04:27,626, 37907] TestOtus7 37
[07-01 14:04:27,626, 37907] TestOtus7 1
[07-01 14:04:27,626, 37907] TestOtus7 http://www.tender.pro/block/images/icons/i_contest.gif
[07-01 14:04:27,626, 37907] TestOtus7 34
[07-01 14:04:27,626, 37907] TestOtus7 0
[07-01 14:04:27,626, 37907] TestOtus7 http://conf.tender.pro/export?callback=jQuery17205562695207830073_1561975439941&_=1561975441890
[07-01 14:04:27,626, 37907] TestOtus7 309
[07-01 14:04:27,626, 37907] TestOtus7 1
[07-01 14:04:27,626, 37907] TestOtus7 http://www.tender.pro/block/images/header/header_login_top_left.gif
[07-01 14:04:27,626, 37907] TestOtus7 34
[07-01 14:04:27,626, 37907] TestOtus7 1
[07-01 14:04:27,626, 37907] TestOtus7 http://counter.yadro.ru/hit?t44.3;r;s1920*1080*24;uhttp%3A//www.tender.pro/index.shtml;0.19941400933413478
[07-01 14:04:27,626, 37907] TestOtus7 30
[07-01 14:04:27,626, 37907] TestOtus7 1
[07-01 14:04:27,626, 37907] TestOtus7 http://www.tender.pro/images/rate/dark_green_8.gif
[07-01 14:04:27,627, 37908] TestOtus7 32
[07-01 14:04:27,627, 37908] TestOtus7 1
[07-01 14:04:27,627, 37908] TestOtus7 http://www.tender.pro/block/images/icons/calendar_orange.gif
[07-01 14:04:27,627, 37908] TestOtus7 34
[07-01 14:04:27,627, 37908] TestOtus7 0
[07-01 14:04:27,627, 37908] TestOtus7 http://www.tender.pro/images/small/tender_02.gif
[07-01 14:04:27,627, 37908] TestOtus7 33
[07-01 14:04:27,627, 37908] TestOtus7 1
[07-01 14:04:27,627, 37908] TestOtus7 http://www.tender.pro/images/tender-new.gif
[07-01 14:04:27,627, 37908] TestOtus7 33
[07-01 14:04:27,627, 37908] TestOtus7 161
[07-01 14:04:27,627, 37908] TestOtus7 http://www.tender.pro/block/images/header/header_login_h_right.gif
[07-01 14:04:27,627, 37908] TestOtus7 35
[07-01 14:04:27,627, 37908] TestOtus7 1
[07-01 14:04:27,627, 37908] TestOtus7 http://www.tender.pro/block/images/header/header_top_left.png
[07-01 14:04:27,627, 37908] TestOtus7 36
[07-01 14:04:27,628, 37909] TestOtus7 0
[07-01 14:04:27,628, 37909] TestOtus7 http://www.tender.pro/block/images/header/header_bot_right.png
[07-01 14:04:27,628, 37909] TestOtus7 46
[07-01 14:04:27,628, 37909] TestOtus7 0
[07-01 14:04:27,628, 37909] TestOtus7 http://counter.yadro.ru/hit?q;t44.3;r;s1920*1080*24;uhttp%3A//www.tender.pro/index.shtml;0.19941400933413478
[07-01 14:04:27,628, 37909] TestOtus7 27
[07-01 14:04:27,628, 37909] TestOtus7 1
[07-01 14:04:27,628, 37909] TestOtus7 http://www.tender.pro/block/images/header/header_top_right.png
[07-01 14:04:27,628, 37909] TestOtus7 34
[07-01 14:04:27,628, 37909] TestOtus7 1
[07-01 14:04:27,628, 37909] TestOtus7 http://www.tender.pro/block/images/header/header_top_back.png
[07-01 14:04:27,628, 37909] TestOtus7 47
[07-01 14:04:27,628, 37909] TestOtus7 0
[07-01 14:04:27,628, 37909] TestOtus7 http://www.tender.pro/block/images/blank.gif
[07-01 14:04:27,628, 37909] TestOtus7 35
[07-01 14:04:27,628, 37909] TestOtus7 0
[07-01 14:04:27,628, 37909] TestOtus7 http://www.tender.pro/block/images/header/header_login_bot_left.gif
[07-01 14:04:27,628, 37909] TestOtus7 35
[07-01 14:04:27,628, 37909] TestOtus7 1
[07-01 14:04:27,628, 37909] TestOtus7 http://www.tender.pro/block/images/header/header_login_h_left.gif
[07-01 14:04:27,628, 37909] TestOtus7 37
[07-01 14:04:27,628, 37909] TestOtus7 0
[07-01 14:04:27,628, 37909] TestOtus7 http://www.tender.pro/block/images/header/header_login_bot_right.gif
[07-01 14:04:27,629, 37910] TestOtus7 37
[07-01 14:04:27,629, 37910] TestOtus7 0
[07-01 14:04:27,629, 37910] TestOtus7 http://www.tender.pro/block/images/header/header_login_top_right.gif
[07-01 14:04:27,629, 37910] TestOtus7 50
[07-01 14:04:27,629, 37910] TestOtus7 0
[07-01 14:04:27,629, 37910] TestOtus7 http://www.tender.pro/block/images/header/header_login_top_back.gif
[07-01 14:04:27,629, 37910] TestOtus7 36
[07-01 14:04:27,629, 37910] TestOtus7 0
[07-01 14:04:27,629, 37910] TestOtus7 http://www.tender.pro/block/images/header/header_left_bg.png
[07-01 14:04:27,629, 37910] TestOtus7 35
[07-01 14:04:27,629, 37910] TestOtus7 1
[07-01 14:04:27,629, 37910] TestOtus7 http://www.tender.pro/block/images/header/header_right_bg.png
[07-01 14:04:27,629, 37910] TestOtus7 35
[07-01 14:04:27,629, 37910] TestOtus7 0
[07-01 14:04:27,629, 37910] TestOtus7 http://www.tender.pro/block/images/header/header_bot_w_back.png
[07-01 14:04:27,629, 37910] TestOtus7 35
[07-01 14:04:27,629, 37910] TestOtus7 1
[07-01 14:04:27,629, 37910] TestOtus7 http://www.tender.pro/block/images/header/header_bot_left.png
[07-01 14:04:27,629, 37910] TestOtus7 35
[07-01 14:04:27,629, 37910] TestOtus7 0
[07-01 14:04:27,629, 37910] TestOtus7 http://www.tender.pro/images/optim.jpg
[07-01 14:04:27,629, 37910] TestOtus7 34
[07-01 14:04:27,629, 37910] TestOtus7 65
[07-01 14:04:27,629, 37910] TestOtus7 http://www.tender.pro/block/images/icons/icons_catalogue/1000943.gif
[07-01 14:04:27,630, 37911] TestOtus7 39
[07-01 14:04:27,630, 37911] TestOtus7 1
[07-01 14:04:27,630, 37911] TestOtus7 http://www.tender.pro/block/images/icons/ico_find_clear.png
[07-01 14:04:27,630, 37911] TestOtus7 35
[07-01 14:04:27,630, 37911] TestOtus7 0
[07-01 14:04:27,630, 37911] TestOtus7 http://www.tender.pro/block/images/icons/header_icon_contacts.gif
[07-01 14:04:27,630, 37911] TestOtus7 35
[07-01 14:04:27,630, 37911] TestOtus7 0
[07-01 14:04:27,630, 37911] TestOtus7 http://www.tender.pro/block/images/header/header_login_bot_back.gif
[07-01 14:04:27,630, 37911] TestOtus7 35
[07-01 14:04:27,630, 37911] TestOtus7 0
[07-01 14:04:27,630, 37911] TestOtus7 http://www.tender.pro/images/small/close_tender_01.gif
[07-01 14:04:27,630, 37911] TestOtus7 35
[07-01 14:04:27,630, 37911] TestOtus7 0
[07-01 14:04:27,630, 37911] TestOtus7 http://www.tender.pro/block/images/thinBlock/lbcorner.gif
[07-01 14:04:27,630, 37911] TestOtus7 36
[07-01 14:04:27,630, 37911] TestOtus7 1
[07-01 14:04:27,630, 37911] TestOtus7 http://www.tender.pro/block/images/icons/icons_catalogue/360001.gif
[07-01 14:04:27,630, 37911] TestOtus7 36
[07-01 14:04:27,630, 37911] TestOtus7 0
[07-01 14:04:27,631, 37912] TestOtus7 http://www.tender.pro/block/images/icons/i_back.png
[07-01 14:04:27,631, 37912] TestOtus7 35
[07-01 14:04:27,631, 37912] TestOtus7 0
[07-01 14:04:27,631, 37912] TestOtus7 http://www.tender.pro/block/images/thinBlock/rbcorner.gif
[07-01 14:04:27,631, 37912] TestOtus7 35
[07-01 14:04:27,631, 37912] TestOtus7 0
[07-01 14:04:27,631, 37912] TestOtus7 http://www.tender.pro/block/images/icons/i_goods.gif
[07-01 14:04:27,631, 37912] TestOtus7 40
[07-01 14:04:27,631, 37912] TestOtus7 1
[07-01 14:04:27,631, 37912] TestOtus7 http://www.tender.pro/block/images/icons/icons_catalogue/1242770.gif
[07-01 14:04:27,631, 37912] TestOtus7 38
[07-01 14:04:27,631, 37912] TestOtus7 0
[07-01 14:04:27,631, 37912] TestOtus7 http://www.tender.pro/block/images/icons/icons_catalogue/1106299.gif
[07-01 14:04:27,631, 37912] TestOtus7 35
[07-01 14:04:27,631, 37912] TestOtus7 1
[07-01 14:04:27,631, 37912] TestOtus7 http://www.tender.pro/block/images/icons/icons_catalogue/2.gif
[07-01 14:04:27,631, 37912] TestOtus7 35
[07-01 14:04:27,631, 37912] TestOtus7 0
[07-01 14:04:27,631, 37912] TestOtus7 http://www.tender.pro/block/images/icons/icons_catalogue/1242931.gif
[07-01 14:04:27,631, 37912] TestOtus7 36
[07-01 14:04:27,631, 37912] TestOtus7 0
[07-01 14:04:27,631, 37912] TestOtus7 http://www.tender.pro/block/images/icons/purchases.gif
[07-01 14:04:27,631, 37912] TestOtus7 45
[07-01 14:04:27,631, 37912] TestOtus7 0
[07-01 14:04:27,631, 37912] TestOtus7 http://www.tender.pro/block/images/icons/auctions.gif
[07-01 14:04:27,631, 37912] TestOtus7 45
[07-01 14:04:27,632, 37913] TestOtus7 0
[07-01 14:04:27,632, 37913] TestOtus7 http://www.tender.pro/block/images/icons/savings.gif
[07-01 14:04:27,632, 37913] TestOtus7 40
[07-01 14:04:27,632, 37913] TestOtus7 1
[07-01 14:04:27,632, 37913] TestOtus7 http://www.tender.pro/block/images/icons/position-offers.gif
[07-01 14:04:27,632, 37913] TestOtus7 47
[07-01 14:04:27,632, 37913] TestOtus7 0
[07-01 14:04:27,632, 37913] TestOtus7 http://www.tender.pro/images/rate/dark_green_6.gif
[07-01 14:04:27,632, 37913] TestOtus7 336
[07-01 14:04:27,632, 37913] TestOtus7 1
[07-01 14:04:27,632, 37913] TestOtus7 http://www.tender.pro/block/images/icons/icons_catalogue/1062137.gif
[07-01 14:04:27,632, 37913] TestOtus7 146
[07-01 14:04:27,632, 37913] TestOtus7 0
[07-01 14:04:27,632, 37913] TestOtus7 http://www.tender.pro/block/images/icons/icon_news.gif
[07-01 14:04:27,632, 37913] TestOtus7 40
[07-01 14:04:27,632, 37913] TestOtus7 0
[07-01 14:04:27,632, 37913] TestOtus7 http://www.tender.pro/block/images/back.gif
[07-01 14:04:27,632, 37913] TestOtus7 45
[07-01 14:04:27,632, 37913] TestOtus7 1
[07-01 14:04:27,632, 37913] TestOtus7 http://www.tender.pro/block/images/block_header_back.png
[07-01 14:04:27,632, 37913] TestOtus7 35
[07-01 14:04:27,632, 37913] TestOtus7 1
[07-01 14:04:27,632, 37913] TestOtus7 http://www.tender.pro/block/images/thinBlock/1_border.png
[07-01 14:04:27,632, 37913] TestOtus7 34
[07-01 14:04:27,632, 37913] TestOtus7 0
[07-01 14:04:27,633, 37914] TestOtus7 http://www.tender.pro/block/images/icons/position-demand.gif
[07-01 14:04:27,633, 37914] TestOtus7 39
[07-01 14:04:27,633, 37914] TestOtus7 0
[07-01 14:04:27,633, 37914] TestOtus7 http://www.tender.pro/block/images/icons/member.gif
[07-01 14:04:27,633, 37914] TestOtus7 39
[07-01 14:04:27,633, 37914] TestOtus7 0
[07-01 14:04:27,633, 37914] TestOtus7 http://www.tender.pro/images/small/aukcion_01m1_close.gif
[07-01 14:04:27,633, 37914] TestOtus7 34
[07-01 14:04:27,633, 37914] TestOtus7 0
[07-01 14:04:27,633, 37914] TestOtus7 http://www.tender.pro/block/images/icons/i_stat.gif
[07-01 14:04:27,633, 37914] TestOtus7 49
[07-01 14:04:27,633, 37914] TestOtus7 1
[07-01 14:04:27,633, 37914] TestOtus7 http://www.tender.pro/block/images/icons/icons_catalogue/1242868.gif
[07-01 14:04:27,633, 37914] TestOtus7 39
[07-01 14:04:27,634, 37915] TestOtus7 0
[07-01 14:04:27,634, 37915] TestOtus7 http://www.tender.pro/images/integr-new.jpg
[07-01 14:04:27,634, 37915] TestOtus7 34
[07-01 14:04:27,634, 37915] TestOtus7 30
[07-01 14:04:27,634, 37915] TestOtus7 http://www.tender.pro/block/images/confer.gif
[07-01 14:04:27,634, 37915] TestOtus7 38
[07-01 14:04:27,634, 37915] TestOtus7 0
[07-01 14:04:27,634, 37915] TestOtus7 http://www.tender.pro/block/images/icons/position.gif
[07-01 14:04:27,634, 37915] TestOtus7 38
[07-01 14:04:27,634, 37915] TestOtus7 0
[07-01 14:04:27,634, 37915] TestOtus7 http://www.tender.pro/partners/images/kamaz.png
[07-01 14:04:27,634, 37915] TestOtus7 47
[07-01 14:04:27,634, 37915] TestOtus7 1
[07-01 14:04:27,634, 37915] TestOtus7 http://www.tender.pro/block/images/presstender.png
[07-01 14:04:27,634, 37915] TestOtus7 44
[07-01 14:04:27,634, 37915] TestOtus7 0
[07-01 14:04:27,634, 37915] TestOtus7 http://www.tender.pro/images/buklettpro.png
[07-01 14:04:27,634, 37915] TestOtus7 40
[07-01 14:04:27,634, 37915] TestOtus7 1
[07-01 14:04:27,634, 37915] TestOtus7 http://www.tender.pro/images/button_best_support.png
[07-01 14:04:27,634, 37915] TestOtus7 33
[07-01 14:04:27,634, 37915] TestOtus7 0
[07-01 14:04:27,634, 37915] TestOtus7 http://www.tender.pro/images/partner.png
[07-01 14:04:27,634, 37915] TestOtus7 37
[07-01 14:04:27,634, 37915] TestOtus7 0
[07-01 14:04:27,634, 37915] TestOtus7 http://www.tender.pro/partners/images/dixy.png
[07-01 14:04:27,634, 37915] TestOtus7 46
[07-01 14:04:27,635, 37916] TestOtus7 0
[07-01 14:04:27,635, 37916] TestOtus7 http://www.tender.pro/partners/images/cherkizovo.png
[07-01 14:04:27,635, 37916] TestOtus7 35
[07-01 14:04:27,635, 37916] TestOtus7 0
[07-01 14:04:27,635, 37916] TestOtus7 http://www.tender.pro/partners/images/tehnonikol.png
[07-01 14:04:27,635, 37916] TestOtus7 34
[07-01 14:04:27,635, 37916] TestOtus7 1
[07-01 14:04:27,635, 37916] TestOtus7 http://www.tender.pro/partners/images/magnezit1.png
[07-01 14:04:27,635, 37916] TestOtus7 35
[07-01 14:04:27,635, 37916] TestOtus7 0
[07-01 14:04:27,635, 37916] TestOtus7 http://www.tender.pro/partners/images/metalloinvest.png
[07-01 14:04:27,636, 37917] TestOtus7 47
[07-01 14:04:27,636, 37917] TestOtus7 0
[07-01 14:04:27,636, 37917] TestOtus7 http://www.tender.pro/partners/images/client_map.png
[07-01 14:04:27,636, 37917] TestOtus7 34
[07-01 14:04:27,636, 37917] TestOtus7 1
[07-01 14:04:27,636, 37917] TestOtus7 http://www.tender.pro/partners/images/synapse.png
[07-01 14:04:27,636, 37917] TestOtus7 34
[07-01 14:04:27,636, 37917] TestOtus7 1
[07-01 14:04:27,636, 37917] TestOtus7 http://www.tender.pro/partners/images/id138322.png
[07-01 14:04:27,636, 37917] TestOtus7 35
[07-01 14:04:27,636, 37917] TestOtus7 0
[07-01 14:04:27,636, 37917] TestOtus7 http://www.tender.pro/partners/images/1cksu.jpg
[07-01 14:04:27,636, 37917] TestOtus7 34
[07-01 14:04:27,636, 37917] TestOtus7 1
[07-01 14:04:27,636, 37917] TestOtus7 http://www.tender.pro/partners/images/gartools.png
[07-01 14:04:27,636, 37917] TestOtus7 34
[07-01 14:04:27,636, 37917] TestOtus7 1
[07-01 14:04:27,637, 37918] TestOtus7 http://www.tender.pro/partners/images/kraskom.png
[07-01 14:04:27,637, 37918] TestOtus7 34
[07-01 14:04:27,637, 37918] TestOtus7 0
[07-01 14:04:27,637, 37918] TestOtus7 http://www.tender.pro/partners/images/alrosa.png
[07-01 14:04:27,637, 37918] TestOtus7 34
[07-01 14:04:27,637, 37918] TestOtus7 0
[07-01 14:04:27,637, 37918] TestOtus7 http://www.tender.pro/partners/images/aetp.png
[07-01 14:04:27,637, 37918] TestOtus7 35
[07-01 14:04:27,637, 37918] TestOtus7 1
[07-01 14:04:27,637, 37918] TestOtus7 http://www.tender.pro/partners/images/kgpz.png
[07-01 14:04:27,637, 37918] TestOtus7 42
[07-01 14:04:27,637, 37918] TestOtus7 1
[07-01 14:04:27,637, 37918] TestOtus7 http://www.tender.pro/partners/images/fosagro.png
[07-01 14:04:27,637, 37918] TestOtus7 35
[07-01 14:04:27,637, 37918] TestOtus7 0
[07-01 14:04:27,637, 37918] TestOtus7 http://www.tender.pro/partners/images/ppz.png
[07-01 14:04:27,637, 37918] TestOtus7 34
[07-01 14:04:27,637, 37918] TestOtus7 0
[07-01 14:04:27,637, 37918] TestOtus7 http://www.tender.pro/partners/images/koz.png
[07-01 14:04:27,637, 37918] TestOtus7 36
[07-01 14:04:27,637, 37918] TestOtus7 0
[07-01 14:04:27,637, 37918] TestOtus7 http://www.tender.pro/partners/images/solombalales.png
[07-01 14:04:27,637, 37918] TestOtus7 35
[07-01 14:04:27,637, 37918] TestOtus7 1
[07-01 14:04:27,637, 37918] TestOtus7 http://www.tender.pro/partners/images/serg-cbk.png
[07-01 14:04:27,637, 37918] TestOtus7 36
[07-01 14:04:27,638, 37919] TestOtus7 0
[07-01 14:04:27,638, 37919] TestOtus7 http://www.tender.pro/partners/images/russdragment.png
[07-01 14:04:27,638, 37919] TestOtus7 35
[07-01 14:04:27,638, 37919] TestOtus7 0
[07-01 14:04:27,638, 37919] TestOtus7 http://www.tender.pro/partners/images/severalmaz.png
[07-01 14:04:27,638, 37919] TestOtus7 34
[07-01 14:04:27,638, 37919] TestOtus7 1
[07-01 14:04:27,638, 37919] TestOtus7 http://www.tender.pro/partners/images/verallia.png
[07-01 14:04:27,638, 37919] TestOtus7 41
[07-01 14:04:27,638, 37919] TestOtus7 1
[07-01 14:04:27,638, 37919] TestOtus7 http://www.tender.pro/partners/images/npo.png
[07-01 14:04:27,638, 37919] TestOtus7 48
[07-01 14:04:27,638, 37919] TestOtus7 0
[07-01 14:04:27,638, 37919] TestOtus7 http://www.tender.pro/partners/images/chuvashkabel.png
[07-01 14:04:27,638, 37919] TestOtus7 38
[07-01 14:04:27,638, 37919] TestOtus7 1
[07-01 14:04:27,638, 37919] TestOtus7 http://www.tender.pro/partners/images/tza-kamaz.png
[07-01 14:04:27,638, 37919] TestOtus7 34
[07-01 14:04:27,638, 37919] TestOtus7 1
[07-01 14:04:27,638, 37919] TestOtus7 http://www.tender.pro/partners/images/donugol.png
[07-01 14:04:27,638, 37919] TestOtus7 34
[07-01 14:04:27,638, 37919] TestOtus7 1
[07-01 14:04:27,638, 37919] TestOtus7 http://www.tender.pro/partners/images/farfor.png
[07-01 14:04:27,638, 37919] TestOtus7 35
[07-01 14:04:27,638, 37919] TestOtus7 0
[07-01 14:04:27,638, 37919] TestOtus7 http://www.tender.pro/partners/images/zlatmash.png
[07-01 14:04:27,638, 37919] TestOtus7 34
[07-01 14:04:27,639, 37920] TestOtus7 1
[07-01 14:04:27,639, 37920] TestOtus7 http://www.tender.pro/partners/images/riat.png
[07-01 14:04:27,639, 37920] TestOtus7 34
[07-01 14:04:27,639, 37920] TestOtus7 1
[07-01 14:04:27,639, 37920] TestOtus7 http://www.tender.pro/partners/images/ir.png
[07-01 14:04:27,639, 37920] TestOtus7 35
[07-01 14:04:27,639, 37920] TestOtus7 0
[07-01 14:04:27,639, 37920] TestOtus7 http://www.tender.pro/block/images/icons/icon_cat2.gif
[07-01 14:04:27,639, 37920] TestOtus7 34
[07-01 14:04:27,639, 37920] TestOtus7 0
[07-01 14:04:27,639, 37920] TestOtus7 http://www.tender.pro/block/images/buttons/red/rbtn-l.png
[07-01 14:04:27,639, 37920] TestOtus7 34
[07-01 14:04:27,639, 37920] TestOtus7 0
[07-01 14:04:27,639, 37920] TestOtus7 http://www.tender.pro/block/images/header/newmenudivider.gif
[07-01 14:04:27,639, 37920] TestOtus7 34
[07-01 14:04:27,639, 37920] TestOtus7 0
[07-01 14:04:27,639, 37920] TestOtus7 http://www.tender.pro/block/images/icon_browsers.gif
[07-01 14:04:27,639, 37920] TestOtus7 39
[07-01 14:04:27,639, 37920] TestOtus7 0
[07-01 14:04:27,639, 37920] TestOtus7 http://www.tender.pro/block/images/footer/footer_arrows.png
[07-01 14:04:27,639, 37920] TestOtus7 34
[07-01 14:04:27,639, 37920] TestOtus7 1
[07-01 14:04:27,639, 37920] TestOtus7 http://www.tender.pro/partners/images/magnezit1.png?timestamp=1561975441917
[07-01 14:04:27,639, 37920] TestOtus7 34
[07-01 14:04:27,639, 37920] TestOtus7 1
[07-01 14:04:27,639, 37920] TestOtus7 http://www.tender.pro/partners/images/metalloinvest.png?timestamp=1561975441917
[07-01 14:04:27,639, 37920] TestOtus7 35
[07-01 14:04:27,640, 37921] TestOtus7 0
[07-01 14:04:27,640, 37921] TestOtus7 http://www.tender.pro/partners/images/kamaz.png?timestamp=1561975441916
[07-01 14:04:27,640, 37921] TestOtus7 34
[07-01 14:04:27,640, 37921] TestOtus7 0
[07-01 14:04:27,640, 37921] TestOtus7 http://www.tender.pro/block/images/loader.gif
[07-01 14:04:27,640, 37921] TestOtus7 51
[07-01 14:04:27,640, 37921] TestOtus7 0
[07-01 14:04:27,640, 37921] TestOtus7 http://www.tender.pro/block/images/icons/catsub_divider.gif
[07-01 14:04:27,640, 37921] TestOtus7 34
[07-01 14:04:27,640, 37921] TestOtus7 0
[07-01 14:04:27,640, 37921] TestOtus7 http://www.tender.pro/partners/images/1cksu.jpg?timestamp=1561975441917
[07-01 14:04:27,640, 37921] TestOtus7 35
[07-01 14:04:27,640, 37921] TestOtus7 0
[07-01 14:04:27,640, 37921] TestOtus7 http://www.tender.pro/partners/images/gartools.png?timestamp=1561975441917
[07-01 14:04:27,640, 37921] TestOtus7 34
[07-01 14:04:27,640, 37921] TestOtus7 1
[07-01 14:04:27,640, 37921] TestOtus7 http://www.tender.pro/partners/images/dixy.png?timestamp=1561975441917
[07-01 14:04:27,640, 37921] TestOtus7 34
[07-01 14:04:27,640, 37921] TestOtus7 1
[07-01 14:04:27,640, 37921] TestOtus7 http://www.tender.pro/partners/images/cherkizovo.png?timestamp=1561975441917
[07-01 14:04:27,640, 37921] TestOtus7 35
[07-01 14:04:27,640, 37921] TestOtus7 0
[07-01 14:04:27,640, 37921] TestOtus7 http://www.tender.pro/partners/images/tehnonikol.png?timestamp=1561975441917
[07-01 14:04:27,640, 37921] TestOtus7 34
[07-01 14:04:27,640, 37921] TestOtus7 1
[07-01 14:04:27,640, 37921] TestOtus7 http://www.tender.pro/partners/images/kgpz.png?timestamp=1561975441917
[07-01 14:04:27,640, 37921] TestOtus7 34
[07-01 14:04:27,640, 37921] TestOtus7 1
[07-01 14:04:27,641, 37922] TestOtus7 http://www.tender.pro/partners/images/fosagro.png?timestamp=1561975441917
[07-01 14:04:27,641, 37922] TestOtus7 34
[07-01 14:04:27,641, 37922] TestOtus7 1
[07-01 14:04:27,641, 37922] TestOtus7 http://www.tender.pro/partners/images/client_map.png?timestamp=1561975441917
[07-01 14:04:27,641, 37922] TestOtus7 34
[07-01 14:04:27,642, 37923] TestOtus7 1
[07-01 14:04:27,643, 37924] TestOtus7 http://www.tender.pro/partners/images/synapse.png?timestamp=1561975441917
[07-01 14:04:27,643, 37924] TestOtus7 34
[07-01 14:04:27,643, 37924] TestOtus7 1
[07-01 14:04:27,643, 37924] TestOtus7 http://www.tender.pro/partners/images/id138322.png?timestamp=1561975441917
[07-01 14:04:27,643, 37924] TestOtus7 34
[07-01 14:04:27,643, 37924] TestOtus7 1
[07-01 14:04:27,643, 37924] TestOtus7 http://www.tender.pro/partners/images/serg-cbk.png?timestamp=1561975441917
[07-01 14:04:27,643, 37924] TestOtus7 37
[07-01 14:04:27,643, 37924] TestOtus7 0
[07-01 14:04:27,643, 37924] TestOtus7 http://www.tender.pro/partners/images/russdragment.png?timestamp=1561975441917
[07-01 14:04:27,644, 37925] TestOtus7 34
[07-01 14:04:27,644, 37925] TestOtus7 1
[07-01 14:04:27,644, 37925] TestOtus7 http://www.tender.pro/partners/images/kraskom.png?timestamp=1561975441917
[07-01 14:04:27,644, 37925] TestOtus7 34
[07-01 14:04:27,644, 37925] TestOtus7 1
[07-01 14:04:27,644, 37925] TestOtus7 http://www.tender.pro/partners/images/alrosa.png?timestamp=1561975441917
[07-01 14:04:27,644, 37925] TestOtus7 39
[07-01 14:04:27,644, 37925] TestOtus7 0
[07-01 14:04:27,644, 37925] TestOtus7 http://www.tender.pro/partners/images/aetp.png?timestamp=1561975441917
[07-01 14:04:27,644, 37925] TestOtus7 37
[07-01 14:04:27,644, 37925] TestOtus7 1
[07-01 14:04:27,644, 37925] TestOtus7 http://www.tender.pro/partners/images/chuvashkabel.png?timestamp=1561975441917
[07-01 14:04:27,644, 37925] TestOtus7 37
[07-01 14:04:27,644, 37925] TestOtus7 1
[07-01 14:04:27,644, 37925] TestOtus7 http://www.tender.pro/partners/images/tza-kamaz.png?timestamp=1561975441917
[07-01 14:04:27,644, 37925] TestOtus7 54
[07-01 14:04:27,644, 37925] TestOtus7 0
[07-01 14:04:27,644, 37925] TestOtus7 http://www.tender.pro/partners/images/ppz.png?timestamp=1561975441917
[07-01 14:04:27,644, 37925] TestOtus7 38
[07-01 14:04:27,644, 37925] TestOtus7 0
[07-01 14:04:27,644, 37925] TestOtus7 http://www.tender.pro/partners/images/koz.png?timestamp=1561975441917
[07-01 14:04:27,644, 37925] TestOtus7 34
[07-01 14:04:27,644, 37925] TestOtus7 0
[07-01 14:04:27,644, 37925] TestOtus7 http://www.tender.pro/partners/images/solombalales.png?timestamp=1561975441917
[07-01 14:04:27,644, 37925] TestOtus7 45
[07-01 14:04:27,645, 37926] TestOtus7 1
[07-01 14:04:27,645, 37926] TestOtus7 http://www.tender.pro/partners/images/riat.png?timestamp=1561975441918
[07-01 14:04:27,645, 37926] TestOtus7 35
[07-01 14:04:27,645, 37926] TestOtus7 1
[07-01 14:04:27,645, 37926] TestOtus7 http://www.tender.pro/partners/images/ir.png?timestamp=1561975441918
[07-01 14:04:27,645, 37926] TestOtus7 35
[07-01 14:04:27,645, 37926] TestOtus7 0
[07-01 14:04:27,645, 37926] TestOtus7 http://www.tender.pro/partners/images/severalmaz.png?timestamp=1561975441918
[07-01 14:04:27,645, 37926] TestOtus7 34
[07-01 14:04:27,645, 37926] TestOtus7 0
[07-01 14:04:27,645, 37926] TestOtus7 http://www.tender.pro/partners/images/verallia.png?timestamp=1561975441918
[07-01 14:04:27,645, 37926] TestOtus7 35
[07-01 14:04:27,645, 37926] TestOtus7 1
[07-01 14:04:27,645, 37926] TestOtus7 http://www.tender.pro/partners/images/npo.png?timestamp=1561975441917
[07-01 14:04:27,645, 37926] TestOtus7 35
[07-01 14:04:27,645, 37926] TestOtus7 1
[07-01 14:04:27,645, 37926] TestOtus7 http://www.tender.pro/block/images/partnerslider.png
[07-01 14:04:27,645, 37926] TestOtus7 42
[07-01 14:04:27,645, 37926] TestOtus7 0
[07-01 14:04:27,645, 37926] TestOtus7 http://www.tender.pro/partners/images/donugol.png?timestamp=1561975441918
[07-01 14:04:27,645, 37926] TestOtus7 35
[07-01 14:04:27,645, 37926] TestOtus7 0
[07-01 14:04:27,645, 37926] TestOtus7 http://www.tender.pro/partners/images/farfor.png?timestamp=1561975441918
[07-01 14:04:27,645, 37926] TestOtus7 35
[07-01 14:04:27,645, 37926] TestOtus7 0
[07-01 14:04:27,645, 37926] TestOtus7 http://www.tender.pro/partners/images/zlatmash.png?timestamp=1561975441918
[07-01 14:04:27,647, 37928] TestOtus7 37
[07-01 14:04:27,647, 37928] TestOtus7 0
[07-01 14:04:27,647, 37928] TestOtus7 http://www.tender.pro/block/images/icons/regpanclose.png
[07-01 14:04:27,647, 37928] TestOtus7 34
[07-01 14:04:27,647, 37928] TestOtus7 1
[07-01 14:04:27,647, 37928] TestOtus7 http://www.tender.pro/favicon.ico
[07-01 14:04:27,647, 37928] TestOtus7 38
[07-01 14:04:27,647, 37928] TestOtus7 1
[07-01 14:04:27,647, 37928] TestOtus7 http://www.tender.pro/js/update.js
[07-01 14:04:27,647, 37928] TestOtus7 36
[07-01 14:04:27,647, 37928] TestOtus7 1
[07-01 14:04:27,647, 37928] TestOtus7 http://www.tender.pro/block/images/buttons/red/rbtn-r.png
[07-01 14:04:27,647, 37928] TestOtus7 40
[07-01 14:04:27,647, 37928] TestOtus7 0
[07-01 14:04:28,890, 39171] TestOtus7 Quit
